<?xml version="1.0" encoding="utf-8"?><testsuites name="pytest tests"><testsuite name="pytest" errors="0" failures="0" skipped="0" tests="24" time="58.089" timestamp="2026-05-17T00:59:19.369308+00:00" hostname="agent-env-88bfab26-c04e-4ef6-ba04-035dcbdfe13b"><testcase classname="tests.test_bioalert_api" name="test_root" time="0.249" /><testcase classname="tests.test_bioalert_api" name="test_statistics_kpis" time="4.126" /><testcase classname="tests.test_bioalert_api" name="test_statistics_series" time="1.948" /><testcase classname="tests.test_bioalert_api" name="test_statistics_top_products" time="1.916" /><testcase classname="tests.test_bioalert_api" name="test_statistics_activity" time="3.311" /><testcase classname="tests.test_bioalert_api" name="test_statistics_schools" time="7.348" /><testcase classname="tests.test_bioalert_api" name="test_planifications_at_risk" time="27.365" /><testcase classname="tests.test_bioalert_api" name="test_planifications_balance_specific" time="0.692" /><testcase classname="tests.test_bioalert_api" name="test_discounts_generate" time="5.038" /><testcase classname="tests.test_bioalert_api" name="test_discounts_list" time="0.058" /><testcase classname="tests.test_bioalert_api" name="test_discounts_create" time="0.047" /><testcase classname="tests.test_bioalert_api" name="test_discounts_delete" time="0.046" /><testcase classname="tests.test_bioalert_api" name="test_feedback_create_rating" time="0.059" /><testcase classname="tests.test_bioalert_api" name="test_feedback_list_ratings" time="0.046" /><testcase classname="tests.test_bioalert_api" name="test_feedback_summary" time="0.046" /><testcase classname="tests.test_bioalert_api" name="test_allergens_create" time="0.050" /><testcase classname="tests.test_bioalert_api" name="test_allergens_list" time="0.049" /><testcase classname="tests.test_bioalert_api" name="test_allergens_check" time="0.051" /><testcase classname="tests.test_bioalert_api" name="test_recommendations_generate" time="3.722" /><testcase classname="tests.test_bioalert_api" name="test_recommendations_list" time="0.049" /><testcase classname="tests.test_bioalert_api" name="test_whatsapp_simulate" time="1.412" /><testcase classname="tests.test_bioalert_api" name="test_notifications_list" time="0.047" /><testcase classname="tests.test_bioalert_api" name="test_notifications_sessions" time="0.063" /><testcase classname="tests.test_bioalert_api" name="test_notifications_send_twilio" time="0.218" /></testsuite></testsuites>