<?xml version="1.0" encoding="utf-8"?><testsuites name="pytest tests"><testsuite name="pytest" errors="0" failures="0" skipped="0" tests="22" time="45.458" timestamp="2026-05-17T01:49:24.361983+00:00" hostname="agent-env-88bfab26-c04e-4ef6-ba04-035dcbdfe13b"><testcase classname="backend.tests.test_bioalert_v2" name="test_hijos_list" time="0.179" /><testcase classname="backend.tests.test_bioalert_v2" name="test_hijos_create_enrichment" time="0.378" /><testcase classname="backend.tests.test_bioalert_v2" name="test_hijos_create_duplicate_409" time="0.064" /><testcase classname="backend.tests.test_bioalert_v2" name="test_hijos_get_by_id" time="0.044" /><testcase classname="backend.tests.test_bioalert_v2" name="test_hijos_patch" time="0.044" /><testcase classname="backend.tests.test_bioalert_v2" name="test_create_meal_plan" time="0.046" /><testcase classname="backend.tests.test_bioalert_v2" name="test_add_item_partial" time="0.046" /><testcase classname="backend.tests.test_bioalert_v2" name="test_add_item_goal_met" time="0.043" /><testcase classname="backend.tests.test_bioalert_v2" name="test_remove_item_recalculates" time="0.049" /><testcase classname="backend.tests.test_bioalert_v2" name="test_active_plan" time="0.045" /><testcase classname="backend.tests.test_bioalert_v2" name="test_legacy_at_risk_still_works" time="43.324" /><testcase classname="backend.tests.test_bioalert_v2" name="test_vote_up" time="0.047" /><testcase classname="backend.tests.test_bioalert_v2" name="test_vote_down" time="0.089" /><testcase classname="backend.tests.test_bioalert_v2" name="test_vote_invalid" time="0.042" /><testcase classname="backend.tests.test_bioalert_v2" name="test_feedback_products_aggregated" time="0.045" /><testcase classname="backend.tests.test_bioalert_v2" name="test_feedback_summary" time="0.045" /><testcase classname="backend.tests.test_bioalert_v2" name="test_notifications_seed_and_filter" time="0.436" /><testcase classname="backend.tests.test_bioalert_v2" name="test_unread_count_endpoint" time="0.044" /><testcase classname="backend.tests.test_bioalert_v2" name="test_mark_read_and_unread" time="0.131" /><testcase classname="backend.tests.test_bioalert_v2" name="test_mark_all_read" time="0.088" /><testcase classname="backend.tests.test_bioalert_v2" name="test_statistics_kpis_with_thumbs" time="0.048" /><testcase classname="backend.tests.test_bioalert_v2" name="test_zzz_cleanup_plan_and_hijo" time="0.089" /></testsuite></testsuites>